c:\users\dell\source\repos\gamesdldemo\gamesdldemo\debug\vc142.pdb
c:\users\dell\source\repos\gamesdldemo\gamesdldemo\debug\vc142.idb
c:\users\dell\source\repos\gamesdldemo\gamesdldemo\debug\gamesdldemo.obj
c:\users\dell\source\repos\gamesdldemo\gamesdldemo\debug\common_function.obj
c:\users\dell\source\repos\gamesdldemo\gamesdldemo\debug\main_object.obj
c:\users\dell\source\repos\gamesdldemo\gamesdldemo\debug\base_object.obj
c:\users\dell\source\repos\gamesdldemo\gamesdldemo\debug\threats_object.obj
c:\users\dell\source\repos\gamesdldemo\gamesdldemo\debug\amo.obj
c:\users\dell\source\repos\gamesdldemo\gamesdldemo\debug\main.obj
c:\users\dell\source\repos\gamesdldemo\gamesdldemo\debug\explosion_object.obj
c:\users\dell\source\repos\gamesdldemo\gamesdldemo\debug\test.obj
c:\users\dell\source\repos\gamesdldemo\gamesdldemo\debug\text_object.obj
c:\users\dell\source\repos\gamesdldemo\gamesdldemo\debug\player_number.obj
c:\users\dell\source\repos\gamesdldemo\debug\gamesdldemo.exe
c:\users\dell\source\repos\gamesdldemo\debug\gamesdldemo.ilk
c:\users\dell\source\repos\gamesdldemo\debug\gamesdldemo.pdb
c:\users\dell\source\repos\gamesdldemo\gamesdldemo\debug\gamesdldemo1.obj
c:\users\dell\source\repos\gamesdldemo\gamesdldemo\debug\gamesdldemo.tlog\cl.command.1.tlog
c:\users\dell\source\repos\gamesdldemo\gamesdldemo\debug\gamesdldemo.tlog\cl.read.1.tlog
c:\users\dell\source\repos\gamesdldemo\gamesdldemo\debug\gamesdldemo.tlog\cl.write.1.tlog
c:\users\dell\source\repos\gamesdldemo\gamesdldemo\debug\gamesdldemo.tlog\link.command.1.tlog
c:\users\dell\source\repos\gamesdldemo\gamesdldemo\debug\gamesdldemo.tlog\link.read.1.tlog
c:\users\dell\source\repos\gamesdldemo\gamesdldemo\debug\gamesdldemo.tlog\link.write.1.tlog
